<?xml version="1.0" encoding="UTF-8"?>
<!-- Generated by org.testng.reporters.JUnitReportReporter -->
<testsuite hostname="LXHOANG" name="checkActualClickOnExcelAndSendEmail" tests="1" failures="0" timestamp="10 Feb 2015 19:45:28 GMT" time="41.242" errors="0">
  <testcase name="checkActualClickOnExcelAndSendEmail" time="41.242" classname="checkActualClickOnExcelAndSendEmail"/>
</testsuite>
