<?xml version="1.0" encoding="UTF-8"?>
<!-- Generated by org.testng.reporters.JUnitReportReporter -->
<testsuite hostname="LXHOANG" name="testClickBasedExcel_Session1" tests="5" failures="0" timestamp="10 Feb 2015 19:45:28 GMT" time="7605.476" errors="0">
  <testcase name="clickBaseOnExcel_S1" time="1251.554" classname="testClickBasedExcel_Session1"/>
  <testcase name="clickBaseOnExcel_S1" time="1374.245" classname="testClickBasedExcel_Session1"/>
  <testcase name="clickBaseOnExcel_S1" time="1277.856" classname="testClickBasedExcel_Session1"/>
  <testcase name="clickBaseOnExcel_S1" time="2367.556" classname="testClickBasedExcel_Session1"/>
  <testcase name="clickBaseOnExcel_S1" time="1334.265" classname="testClickBasedExcel_Session1"/>
</testsuite>
