<?xml version="1.0" encoding="UTF-8"?>
<!-- Generated by org.testng.reporters.JUnitReportReporter -->
<testsuite hostname="LXHOANG" name="testClickBasedExcel_Session2" tests="5" failures="0" timestamp="10 Feb 2015 19:45:28 GMT" time="8858.159" errors="0">
  <testcase name="clickBaseOnExcel_S2" time="1290.874" classname="testClickBasedExcel_Session2"/>
  <testcase name="clickBaseOnExcel_S2" time="2469.478" classname="testClickBasedExcel_Session2"/>
  <testcase name="clickBaseOnExcel_S2" time="1490.924" classname="testClickBasedExcel_Session2"/>
  <testcase name="clickBaseOnExcel_S2" time="1258.276" classname="testClickBasedExcel_Session2"/>
  <testcase name="clickBaseOnExcel_S2" time="2348.607" classname="testClickBasedExcel_Session2"/>
</testsuite>
